#! /c/Source/iverilog-install/bin/vvp
:ivl_version "12.0 (devel)" "(s20150603-1110-g18392a46)";
:ivl_delay_selection "TYPICAL";
:vpi_time_precision + 0;
:vpi_module "D:\Icarus\iverilog\lib\ivl\system.vpi";
:vpi_module "D:\Icarus\iverilog\lib\ivl\vhdl_sys.vpi";
:vpi_module "D:\Icarus\iverilog\lib\ivl\vhdl_textio.vpi";
:vpi_module "D:\Icarus\iverilog\lib\ivl\v2005_math.vpi";
:vpi_module "D:\Icarus\iverilog\lib\ivl\va_math.vpi";
S_0000021e6c5860c0 .scope module, "Encrpter" "Encrpter" 2 1;
 .timescale 0 0;
v0000021e6c5f6710_0 .var/i "c", 31 0;
v0000021e6c5f67b0 .array "encrypted_matrix", 2001 0, 14 0;
v0000021e6c5f6850_0 .var/i "f_ptr", 31 0;
v0000021e6c5f68f0_0 .var/i "f_ptr1", 31 0;
v0000021e6c5f6990_0 .var/i "i", 31 0;
v0000021e6c5f6a30 .array "key_matrix", 3 0, 7 0;
v0000021e6c5f6ad0_0 .var/i "len", 31 0;
v0000021e6c5925a0 .array "target_matrix", 2001 0, 7 0;
v0000021e6c593180_0 .var/i "temp", 31 0;
v0000021e6c592820_0 .var/i "w_ptr", 31 0;
S_0000021e6c562eb0 .scope begin, "$ivl_for_loop0" "$ivl_for_loop0" 2 24, 2 24 0, S_0000021e6c5860c0;
 .timescale 0 0;
v0000021e6c586250_0 .var/i "i", 31 0;
S_0000021e6c563040 .scope begin, "$ivl_for_loop1" "$ivl_for_loop1" 2 25, 2 25 0, S_0000021e6c562eb0;
 .timescale 0 0;
v0000021e6c6fb340_0 .var/i "j", 31 0;
S_0000021e6c5631d0 .scope begin, "$ivl_for_loop2" "$ivl_for_loop2" 2 34, 2 34 0, S_0000021e6c5860c0;
 .timescale 0 0;
v0000021e6c5f6210_0 .var/i "i", 31 0;
S_0000021e6c5f5fe0 .scope begin, "$ivl_for_loop3" "$ivl_for_loop3" 2 35, 2 35 0, S_0000021e6c5631d0;
 .timescale 0 0;
v0000021e6c5f6170_0 .var/i "j", 31 0;
S_0000021e6c5f62b0 .scope begin, "$ivl_for_loop4" "$ivl_for_loop4" 2 53, 2 53 0, S_0000021e6c5860c0;
 .timescale 0 0;
v0000021e6c5f6670_0 .var/i "i", 31 0;
S_0000021e6c5f6440 .scope begin, "$ivl_for_loop5" "$ivl_for_loop5" 2 54, 2 54 0, S_0000021e6c5f62b0;
 .timescale 0 0;
v0000021e6c5f65d0_0 .var/i "k", 31 0;
    .scope S_0000021e6c5860c0;
T_0 ;
    %pushi/vec4 0, 0, 32;
    %store/vec4 v0000021e6c5f6990_0, 0, 32;
    %pushi/vec4 0, 0, 32;
    %store/vec4 v0000021e6c593180_0, 0, 32;
    %end;
    .thread T_0;
    .scope S_0000021e6c5860c0;
T_1 ;
    %vpi_func 2 14 "$fopen" 32, "output.txt", "r" {0 0 0};
    %store/vec4 v0000021e6c5f6850_0, 0, 32;
    %vpi_func 2 15 "$fopen" 32, "inputkey.txt", "r" {0 0 0};
    %store/vec4 v0000021e6c5f68f0_0, 0, 32;
T_1.0 ;
    %vpi_func 2 17 "$feof" 32, v0000021e6c5f6850_0 {0 0 0};
    %nor/r;
    %load/vec4 v0000021e6c5f6990_0;
    %pushi/vec4 1, 0, 32;
    %cmp/ne;
    %flag_get/vec4 4;
    %and;
    %flag_set/vec4 8;
    %jmp/0xz T_1.1, 8;
    %vpi_func 2 18 "$fscanf" 32, v0000021e6c5f6850_0, "%d", v0000021e6c5f6ad0_0 {0 0 0};
    %store/vec4 v0000021e6c5f6710_0, 0, 32;
    %load/vec4 v0000021e6c5f6990_0;
    %addi 1, 0, 32;
    %store/vec4 v0000021e6c5f6990_0, 0, 32;
    %jmp T_1.0;
T_1.1 ;
    %fork t_1, S_0000021e6c562eb0;
    %jmp t_0;
    .scope S_0000021e6c562eb0;
t_1 ;
    %pushi/vec4 0, 0, 32;
    %store/vec4 v0000021e6c586250_0, 0, 32;
T_1.2 ;
    %load/vec4 v0000021e6c586250_0;
    %cmpi/s 2, 0, 32;
    %jmp/0xz T_1.3, 5;
    %fork t_3, S_0000021e6c563040;
    %jmp t_2;
    .scope S_0000021e6c563040;
t_3 ;
    %pushi/vec4 0, 0, 32;
    %store/vec4 v0000021e6c6fb340_0, 0, 32;
T_1.4 ;
    %load/vec4 v0000021e6c6fb340_0;
    %load/vec4 v0000021e6c5f6ad0_0;
    %pushi/vec4 2, 0, 32;
    %div/s;
    %cmp/s;
    %jmp/0xz T_1.5, 5;
    %vpi_func 2 26 "$fscanf" 32, v0000021e6c5f6850_0, "%d", v0000021e6c593180_0 {0 0 0};
    %store/vec4 v0000021e6c5f6710_0, 0, 32;
    %load/vec4 v0000021e6c593180_0;
    %pad/s 8;
    %load/vec4 v0000021e6c586250_0;
    %pad/s 42;
    %pad/s 52;
    %muli 1001, 0, 52;
    %pad/s 53;
    %load/vec4 v0000021e6c6fb340_0;
    %pad/s 53;
    %add;
    %ix/vec4/s 4;
    %store/vec4a v0000021e6c5925a0, 4, 0;
    %load/vec4 v0000021e6c586250_0;
    %pad/s 42;
    %pad/s 52;
    %muli 1001, 0, 52;
    %pad/s 53;
    %load/vec4 v0000021e6c6fb340_0;
    %pad/s 53;
    %add;
    %ix/vec4/s 4;
    %load/vec4a v0000021e6c5925a0, 4;
    %vpi_call 2 28 "$display", "target_matrix[%0d][%0d] = %d", v0000021e6c586250_0, v0000021e6c6fb340_0, S<0,vec4,u8> {1 0 0};
    %load/vec4 v0000021e6c6fb340_0;
    %addi 1, 0, 32;
    %store/vec4 v0000021e6c6fb340_0, 0, 32;
    %jmp T_1.4;
T_1.5 ;
    %end;
    .scope S_0000021e6c562eb0;
t_2 %join;
    %load/vec4 v0000021e6c586250_0;
    %addi 1, 0, 32;
    %store/vec4 v0000021e6c586250_0, 0, 32;
    %jmp T_1.2;
T_1.3 ;
    %end;
    .scope S_0000021e6c5860c0;
t_0 %join;
    %fork t_5, S_0000021e6c5631d0;
    %jmp t_4;
    .scope S_0000021e6c5631d0;
t_5 ;
    %pushi/vec4 0, 0, 32;
    %store/vec4 v0000021e6c5f6210_0, 0, 32;
T_1.6 ;
    %load/vec4 v0000021e6c5f6210_0;
    %cmpi/s 2, 0, 32;
    %jmp/0xz T_1.7, 5;
    %fork t_7, S_0000021e6c5f5fe0;
    %jmp t_6;
    .scope S_0000021e6c5f5fe0;
t_7 ;
    %pushi/vec4 0, 0, 32;
    %store/vec4 v0000021e6c5f6170_0, 0, 32;
T_1.8 ;
    %load/vec4 v0000021e6c5f6170_0;
    %cmpi/s 2, 0, 32;
    %jmp/0xz T_1.9, 5;
    %vpi_func 2 36 "$fscanf" 32, v0000021e6c5f68f0_0, "%d", v0000021e6c593180_0 {0 0 0};
    %store/vec4 v0000021e6c5f6710_0, 0, 32;
    %load/vec4 v0000021e6c593180_0;
    %pad/s 8;
    %load/vec4 v0000021e6c5f6210_0;
    %pad/s 34;
    %pad/s 35;
    %muli 2, 0, 35;
    %pad/s 36;
    %load/vec4 v0000021e6c5f6170_0;
    %pad/s 36;
    %add;
    %ix/vec4/s 4;
    %store/vec4a v0000021e6c5f6a30, 4, 0;
    %load/vec4 v0000021e6c5f6210_0;
    %pad/s 34;
    %pad/s 35;
    %muli 2, 0, 35;
    %pad/s 36;
    %load/vec4 v0000021e6c5f6170_0;
    %pad/s 36;
    %add;
    %ix/vec4/s 4;
    %load/vec4a v0000021e6c5f6a30, 4;
    %vpi_call 2 38 "$display", "key_matrix[%0d][%0d] = %d", v0000021e6c5f6210_0, v0000021e6c5f6170_0, S<0,vec4,u8> {1 0 0};
    %load/vec4 v0000021e6c5f6170_0;
    %addi 1, 0, 32;
    %store/vec4 v0000021e6c5f6170_0, 0, 32;
    %jmp T_1.8;
T_1.9 ;
    %end;
    .scope S_0000021e6c5631d0;
t_6 %join;
    %load/vec4 v0000021e6c5f6210_0;
    %addi 1, 0, 32;
    %store/vec4 v0000021e6c5f6210_0, 0, 32;
    %jmp T_1.6;
T_1.7 ;
    %end;
    .scope S_0000021e6c5860c0;
t_4 %join;
    %vpi_call 2 44 "$fclose", v0000021e6c5f6850_0 {0 0 0};
    %vpi_call 2 45 "$fclose", v0000021e6c5f68f0_0 {0 0 0};
    %end;
    .thread T_1;
    .scope S_0000021e6c5860c0;
T_2 ;
    %vpi_func 2 51 "$fopen" 32, "encryptedmatrix.txt", "w" {0 0 0};
    %store/vec4 v0000021e6c592820_0, 0, 32;
    %vpi_call 2 52 "$fdisplay", v0000021e6c592820_0, "%0d", v0000021e6c5f6ad0_0 {0 0 0};
    %fork t_9, S_0000021e6c5f62b0;
    %jmp t_8;
    .scope S_0000021e6c5f62b0;
t_9 ;
    %pushi/vec4 0, 0, 32;
    %store/vec4 v0000021e6c5f6670_0, 0, 32;
T_2.0 ;
    %load/vec4 v0000021e6c5f6670_0;
    %cmpi/s 2, 0, 32;
    %jmp/0xz T_2.1, 5;
    %fork t_11, S_0000021e6c5f6440;
    %jmp t_10;
    .scope S_0000021e6c5f6440;
t_11 ;
    %pushi/vec4 0, 0, 32;
    %store/vec4 v0000021e6c5f65d0_0, 0, 32;
T_2.2 ;
    %load/vec4 v0000021e6c5f65d0_0;
    %load/vec4 v0000021e6c5f6ad0_0;
    %pushi/vec4 2, 0, 32;
    %div/s;
    %cmp/s;
    %jmp/0xz T_2.3, 5;
    %ix/getv/s 4, v0000021e6c5f65d0_0;
    %load/vec4a v0000021e6c5925a0, 4;
    %pad/u 15;
    %load/vec4 v0000021e6c5f6670_0;
    %pad/s 34;
    %pad/s 35;
    %muli 2, 0, 35;
    %ix/vec4/s 4;
    %load/vec4a v0000021e6c5f6a30, 4;
    %pad/u 15;
    %mul;
    %pushi/vec4 1001, 0, 11;
    %pad/s 12;
    %load/vec4 v0000021e6c5f65d0_0;
    %pad/s 12;
    %add;
    %ix/vec4/s 4;
    %load/vec4a v0000021e6c5925a0, 4;
    %pad/u 15;
    %load/vec4 v0000021e6c5f6670_0;
    %pad/s 34;
    %pad/s 35;
    %muli 2, 0, 35;
    %pad/s 36;
    %pushi/vec4 1, 0, 2;
    %pad/s 36;
    %add;
    %ix/vec4/s 4;
    %load/vec4a v0000021e6c5f6a30, 4;
    %pad/u 15;
    %mul;
    %add;
    %load/vec4 v0000021e6c5f6670_0;
    %pad/s 42;
    %pad/s 52;
    %muli 1001, 0, 52;
    %pad/s 53;
    %load/vec4 v0000021e6c5f65d0_0;
    %pad/s 53;
    %add;
    %ix/vec4/s 4;
    %store/vec4a v0000021e6c5f67b0, 4, 0;
    %load/vec4 v0000021e6c5f6670_0;
    %pad/s 42;
    %pad/s 52;
    %muli 1001, 0, 52;
    %pad/s 53;
    %load/vec4 v0000021e6c5f65d0_0;
    %pad/s 53;
    %add;
    %ix/vec4/s 4;
    %load/vec4a v0000021e6c5f67b0, 4;
    %vpi_call 2 56 "$display", "encrypted_matrix[%0d][%0d] = %0d", v0000021e6c5f6670_0, v0000021e6c5f65d0_0, S<0,vec4,u15> {1 0 0};
    %load/vec4 v0000021e6c5f6670_0;
    %pad/s 42;
    %pad/s 52;
    %muli 1001, 0, 52;
    %pad/s 53;
    %load/vec4 v0000021e6c5f65d0_0;
    %pad/s 53;
    %add;
    %ix/vec4/s 4;
    %load/vec4a v0000021e6c5f67b0, 4;
    %vpi_call 2 57 "$fdisplay", v0000021e6c592820_0, "%0d", S<0,vec4,u15> {1 0 0};
    %load/vec4 v0000021e6c5f65d0_0;
    %addi 1, 0, 32;
    %store/vec4 v0000021e6c5f65d0_0, 0, 32;
    %jmp T_2.2;
T_2.3 ;
    %end;
    .scope S_0000021e6c5f62b0;
t_10 %join;
    %load/vec4 v0000021e6c5f6670_0;
    %addi 1, 0, 32;
    %store/vec4 v0000021e6c5f6670_0, 0, 32;
    %jmp T_2.0;
T_2.1 ;
    %end;
    .scope S_0000021e6c5860c0;
t_8 %join;
    %vpi_call 2 60 "$fclose", v0000021e6c592820_0 {0 0 0};
    %end;
    .thread T_2;
# The file index is used to find the file name in the following table.
:file_names 3;
    "N/A";
    "<interactive>";
    "Encrypter.v";
